--- adb starting (pid 3103) ---
adb I 10-15 17:13:54  3103  3103 main.cpp:57] Android Debug Bridge version 1.0.39
adb I 10-15 17:13:54  3103  3103 main.cpp:57] Version 1:8.1.0+r23-5ubuntu2
adb I 10-15 17:13:54  3103  3103 main.cpp:57] Installed as /usr/lib/android-sdk/platform-tools/adb
adb I 10-15 17:13:54  3103  3103 main.cpp:57] 
adb I 10-15 17:13:54  3103  3103 adb_auth_host.cpp:416] adb_auth_init...
adb I 10-15 17:13:54  3103  3103 adb_auth_host.cpp:174] read_key_file '/root/.android/adbkey'...
adb I 10-15 17:13:54  3103  3103 adb_auth_host.cpp:391] adb_auth_inotify_init...
adb I 10-15 17:13:54  3103  3103 adb_auth_host.cpp:467] Calling send_auth_response
adb I 10-15 17:13:54  3103  3103 adb_auth_host.cpp:435] Calling send_auth_publickey
adb I 10-15 17:17:19  3103  3103 adb_auth_host.cpp:467] Calling send_auth_response
adb I 10-15 17:17:19  3103  3103 adb_auth_host.cpp:435] Calling send_auth_publickey
adb I 10-15 17:17:19  3103  3103 adb_auth_host.cpp:467] Calling send_auth_response
adb I 10-15 17:17:19  3103  3103 adb_auth_host.cpp:435] Calling send_auth_publickey
adb I 10-15 17:22:17  3103  3103 adb_auth_host.cpp:467] Calling send_auth_response
adb I 10-15 17:22:22  3103  3103 adb_auth_host.cpp:467] Calling send_auth_response
adb server killed by remote request
--- adb starting (pid 5351) ---
adb I 10-15 17:28:47  5351  5351 main.cpp:62] Android Debug Bridge version 1.0.41
adb I 10-15 17:28:47  5351  5351 main.cpp:62] Version 30.0.4-6686687
adb I 10-15 17:28:47  5351  5351 main.cpp:62] Installed as /home/lorris/Android/Sdk/platform-tools/adb
adb I 10-15 17:28:47  5351  5351 main.cpp:62] 
adb I 10-15 17:28:47  5351  5351 auth.cpp:417] adb_auth_init...
adb I 10-15 17:28:47  5351  5351 auth.cpp:152] loaded new key from '/root/.android/adbkey' with fingerprint 68DF4B1BCA44DD8AD8B4D0B24CC3CDE87681B1ECBE0E78D40E22DC03947AC039
adb I 10-15 17:28:47  5351  5351 auth.cpp:392] adb_auth_inotify_init...
adb I 10-15 17:28:47  5351  5357 transport.cpp:325] ce12171ccb33541605: read thread spawning
adb I 10-15 17:28:47  5351  5358 transport.cpp:297] ce12171ccb33541605: write thread spawning
adb I 10-15 17:28:47  5351  5351 transport.cpp:1527] fetching keys for transport ce12171ccb33541605
adb I 10-15 17:28:47  5351  5351 auth.cpp:469] Calling send_auth_response
adb I 10-15 17:28:47  5351  5351 adb.cpp:124] ce12171ccb33541605: offline
adb server killed by remote request
adb I 10-15 17:29:10  5351  5351 transport.cpp:1110] kicking transport 0x7fbc7c010d60 ce12171ccb33541605
adb I 10-15 17:29:10  5351  5351 transport.cpp:400] BlockingConnectionAdapter(ce12171ccb33541605): stopping
adb I 10-15 17:29:10  5351  5357 transport.cpp:329] ce12171ccb33541605: read failed: Invalid argument
adb I 10-15 17:29:10  5351  5357 transport.cpp:810] ce12171ccb33541605: connection terminated: read failed
adb I 10-15 17:29:10  5351  5351 transport.cpp:418] BlockingConnectionAdapter(ce12171ccb33541605): stopped
--- adb starting (pid 5372) ---
adb I 10-15 17:29:10  5372  5372 main.cpp:57] Android Debug Bridge version 1.0.39
adb I 10-15 17:29:10  5372  5372 main.cpp:57] Version 1:8.1.0+r23-5ubuntu2
adb I 10-15 17:29:10  5372  5372 main.cpp:57] Installed as /usr/lib/android-sdk/platform-tools/adb
adb I 10-15 17:29:10  5372  5372 main.cpp:57] 
adb I 10-15 17:29:10  5372  5372 adb_auth_host.cpp:416] adb_auth_init...
adb I 10-15 17:29:10  5372  5372 adb_auth_host.cpp:174] read_key_file '/root/.android/adbkey'...
adb I 10-15 17:29:10  5372  5372 adb_auth_host.cpp:391] adb_auth_inotify_init...
adb I 10-15 17:29:10  5372  5372 adb_auth_host.cpp:467] Calling send_auth_response
adb E 10-15 17:47:12  5372  5372 services.cpp:277] failed to connect to socket 'tcp:8081': Connection refused
adb E 10-15 17:47:12  5372  5372 services.cpp:277] failed to connect to socket 'tcp:8081': Connection refused
adb E 10-15 17:47:14  5372  5372 services.cpp:277] failed to connect to socket 'tcp:8081': Connection refused
adb E 10-15 17:47:17  5372  5372 services.cpp:277] failed to connect to socket 'tcp:8081': Connection refused
adb E 10-15 17:47:19  5372  5372 services.cpp:277] failed to connect to socket 'tcp:8081': Connection refused
adb E 10-15 17:47:21  5372  5372 services.cpp:277] failed to connect to socket 'tcp:8081': Connection refused
adb E 10-15 17:47:23  5372  5372 services.cpp:277] failed to connect to socket 'tcp:8081': Connection refused
adb E 10-15 17:47:25  5372  5372 services.cpp:277] failed to connect to socket 'tcp:8081': Connection refused
adb E 10-15 17:47:27  5372  5372 services.cpp:277] failed to connect to socket 'tcp:8081': Connection refused
adb E 10-15 17:47:29  5372  5372 services.cpp:277] failed to connect to socket 'tcp:8081': Connection refused
adb E 10-15 17:47:31  5372  5372 services.cpp:277] failed to connect to socket 'tcp:8081': Connection refused
adb E 10-15 17:47:33  5372  5372 services.cpp:277] failed to connect to socket 'tcp:8081': Connection refused
adb E 10-15 17:47:35  5372  5372 services.cpp:277] failed to connect to socket 'tcp:8081': Connection refused
adb E 10-15 17:47:38  5372  5372 services.cpp:277] failed to connect to socket 'tcp:8081': Connection refused
adb E 10-15 17:47:40  5372  5372 services.cpp:277] failed to connect to socket 'tcp:8081': Connection refused
adb E 10-15 17:47:42  5372  5372 services.cpp:277] failed to connect to socket 'tcp:8081': Connection refused
adb E 10-15 17:47:44  5372  5372 services.cpp:277] failed to connect to socket 'tcp:8081': Connection refused
adb E 10-15 17:47:46  5372  5372 services.cpp:277] failed to connect to socket 'tcp:8081': Connection refused
adb E 10-15 17:47:48  5372  5372 services.cpp:277] failed to connect to socket 'tcp:8081': Connection refused
adb E 10-15 17:47:50  5372  5372 services.cpp:277] failed to connect to socket 'tcp:8081': Connection refused
adb E 10-15 17:47:52  5372  5372 services.cpp:277] failed to connect to socket 'tcp:8081': Connection refused
adb E 10-15 17:47:54  5372  5372 services.cpp:277] failed to connect to socket 'tcp:8081': Connection refused
adb E 10-15 17:47:56  5372  5372 services.cpp:277] failed to connect to socket 'tcp:8081': Connection refused
adb E 10-15 17:47:58  5372  5372 services.cpp:277] failed to connect to socket 'tcp:8081': Connection refused
adb E 10-15 17:48:00  5372  5372 services.cpp:277] failed to connect to socket 'tcp:8081': Connection refused
adb E 10-15 17:48:02  5372  5372 services.cpp:277] failed to connect to socket 'tcp:8081': Connection refused
adb E 10-15 17:48:05  5372  5372 services.cpp:277] failed to connect to socket 'tcp:8081': Connection refused
adb E 10-15 17:48:07  5372  5372 services.cpp:277] failed to connect to socket 'tcp:8081': Connection refused
adb E 10-15 17:48:09  5372  5372 services.cpp:277] failed to connect to socket 'tcp:8081': Connection refused
adb E 10-15 17:48:11  5372  5372 services.cpp:277] failed to connect to socket 'tcp:8081': Connection refused
adb E 10-15 17:48:13  5372  5372 services.cpp:277] failed to connect to socket 'tcp:8081': Connection refused
adb E 10-15 17:48:15  5372  5372 services.cpp:277] failed to connect to socket 'tcp:8081': Connection refused
adb E 10-15 17:48:17  5372  5372 services.cpp:277] failed to connect to socket 'tcp:8081': Connection refused
adb E 10-15 17:48:19  5372  5372 services.cpp:277] failed to connect to socket 'tcp:8081': Connection refused
adb E 10-15 17:48:21  5372  5372 services.cpp:277] failed to connect to socket 'tcp:8081': Connection refused
adb E 10-15 17:48:23  5372  5372 services.cpp:277] failed to connect to socket 'tcp:8081': Connection refused
adb E 10-15 17:48:26  5372  5372 services.cpp:277] failed to connect to socket 'tcp:8081': Connection refused
adb E 10-15 17:48:28  5372  5372 services.cpp:277] failed to connect to socket 'tcp:8081': Connection refused
adb E 10-15 17:48:30  5372  5372 services.cpp:277] failed to connect to socket 'tcp:8081': Connection refused
adb E 10-15 17:48:32  5372  5372 services.cpp:277] failed to connect to socket 'tcp:8081': Connection refused
adb E 10-15 17:48:34  5372  5372 services.cpp:277] failed to connect to socket 'tcp:8081': Connection refused
adb E 10-15 17:48:36  5372  5372 services.cpp:277] failed to connect to socket 'tcp:8081': Connection refused
adb E 10-15 17:48:38  5372  5372 services.cpp:277] failed to connect to socket 'tcp:8081': Connection refused
adb E 10-15 17:48:40  5372  5372 services.cpp:277] failed to connect to socket 'tcp:8081': Connection refused
adb E 10-15 17:48:42  5372  5372 services.cpp:277] failed to connect to socket 'tcp:8081': Connection refused
adb E 10-15 17:48:44  5372  5372 services.cpp:277] failed to connect to socket 'tcp:8081': Connection refused
adb E 10-15 17:48:46  5372  5372 services.cpp:277] failed to connect to socket 'tcp:8081': Connection refused
adb E 10-15 17:48:49  5372  5372 services.cpp:277] failed to connect to socket 'tcp:8081': Connection refused
adb E 10-15 17:48:51  5372  5372 services.cpp:277] failed to connect to socket 'tcp:8081': Connection refused
adb E 10-15 17:48:53  5372  5372 services.cpp:277] failed to connect to socket 'tcp:8081': Connection refused
adb E 10-15 17:48:55  5372  5372 services.cpp:277] failed to connect to socket 'tcp:8081': Connection refused
adb E 10-15 17:48:57  5372  5372 services.cpp:277] failed to connect to socket 'tcp:8081': Connection refused
adb E 10-15 17:48:59  5372  5372 services.cpp:277] failed to connect to socket 'tcp:8081': Connection refused
adb E 10-15 17:49:01  5372  5372 services.cpp:277] failed to connect to socket 'tcp:8081': Connection refused
adb E 10-15 17:49:03  5372  5372 services.cpp:277] failed to connect to socket 'tcp:8081': Connection refused
adb E 10-15 17:49:05  5372  5372 services.cpp:277] failed to connect to socket 'tcp:8081': Connection refused
adb E 10-15 17:49:07  5372  5372 services.cpp:277] failed to connect to socket 'tcp:8081': Connection refused
adb E 10-15 17:49:09  5372  5372 services.cpp:277] failed to connect to socket 'tcp:8081': Connection refused
adb E 10-15 17:49:11  5372  5372 services.cpp:277] failed to connect to socket 'tcp:8081': Connection refused
adb E 10-15 17:49:14  5372  5372 services.cpp:277] failed to connect to socket 'tcp:8081': Connection refused
adb E 10-15 17:49:16  5372  5372 services.cpp:277] failed to connect to socket 'tcp:8081': Connection refused
adb E 10-15 17:49:18  5372  5372 services.cpp:277] failed to connect to socket 'tcp:8081': Connection refused
adb E 10-15 17:49:20  5372  5372 services.cpp:277] failed to connect to socket 'tcp:8081': Connection refused
adb E 10-15 17:49:22  5372  5372 services.cpp:277] failed to connect to socket 'tcp:8081': Connection refused
adb E 10-15 17:49:24  5372  5372 services.cpp:277] failed to connect to socket 'tcp:8081': Connection refused
adb E 10-15 17:49:26  5372  5372 services.cpp:277] failed to connect to socket 'tcp:8081': Connection refused
adb E 10-15 17:49:28  5372  5372 services.cpp:277] failed to connect to socket 'tcp:8081': Connection refused
adb E 10-15 17:49:30  5372  5372 services.cpp:277] failed to connect to socket 'tcp:8081': Connection refused
adb E 10-15 17:49:32  5372  5372 services.cpp:277] failed to connect to socket 'tcp:8081': Connection refused
adb E 10-15 17:49:34  5372  5372 services.cpp:277] failed to connect to socket 'tcp:8081': Connection refused
adb E 10-15 17:49:37  5372  5372 services.cpp:277] failed to connect to socket 'tcp:8081': Connection refused
adb E 10-15 17:49:39  5372  5372 services.cpp:277] failed to connect to socket 'tcp:8081': Connection refused
adb E 10-15 17:49:41  5372  5372 services.cpp:277] failed to connect to socket 'tcp:8081': Connection refused
adb E 10-15 17:49:43  5372  5372 services.cpp:277] failed to connect to socket 'tcp:8081': Connection refused
adb E 10-15 17:49:45  5372  5372 services.cpp:277] failed to connect to socket 'tcp:8081': Connection refused
adb E 10-15 17:49:47  5372  5372 services.cpp:277] failed to connect to socket 'tcp:8081': Connection refused
adb E 10-15 17:49:49  5372  5372 services.cpp:277] failed to connect to socket 'tcp:8081': Connection refused
adb E 10-15 17:49:51  5372  5372 services.cpp:277] failed to connect to socket 'tcp:8081': Connection refused
adb E 10-15 17:49:53  5372  5372 services.cpp:277] failed to connect to socket 'tcp:8081': Connection refused
adb E 10-15 17:49:55  5372  5372 services.cpp:277] failed to connect to socket 'tcp:8081': Connection refused
adb E 10-15 17:49:58  5372  5372 services.cpp:277] failed to connect to socket 'tcp:8081': Connection refused
adb E 10-15 17:50:00  5372  5372 services.cpp:277] failed to connect to socket 'tcp:8081': Connection refused
adb E 10-15 17:50:02  5372  5372 services.cpp:277] failed to connect to socket 'tcp:8081': Connection refused
adb E 10-15 17:50:04  5372  5372 services.cpp:277] failed to connect to socket 'tcp:8081': Connection refused
adb E 10-15 17:50:06  5372  5372 services.cpp:277] failed to connect to socket 'tcp:8081': Connection refused
adb E 10-15 17:50:08  5372  5372 services.cpp:277] failed to connect to socket 'tcp:8081': Connection refused
adb E 10-15 17:50:10  5372  5372 services.cpp:277] failed to connect to socket 'tcp:8081': Connection refused
adb E 10-15 17:50:12  5372  5372 services.cpp:277] failed to connect to socket 'tcp:8081': Connection refused
adb E 10-15 17:50:14  5372  5372 services.cpp:277] failed to connect to socket 'tcp:8081': Connection refused
adb E 10-15 17:50:17  5372  5372 services.cpp:277] failed to connect to socket 'tcp:8081': Connection refused
adb E 10-15 17:50:19  5372  5372 services.cpp:277] failed to connect to socket 'tcp:8081': Connection refused
adb E 10-15 17:50:21  5372  5372 services.cpp:277] failed to connect to socket 'tcp:8081': Connection refused
adb E 10-15 17:50:23  5372  5372 services.cpp:277] failed to connect to socket 'tcp:8081': Connection refused
adb E 10-15 17:50:25  5372  5372 services.cpp:277] failed to connect to socket 'tcp:8081': Connection refused
adb E 10-15 17:50:27  5372  5372 services.cpp:277] failed to connect to socket 'tcp:8081': Connection refused
adb E 10-15 17:50:29  5372  5372 services.cpp:277] failed to connect to socket 'tcp:8081': Connection refused
adb E 10-15 17:50:31  5372  5372 services.cpp:277] failed to connect to socket 'tcp:8081': Connection refused
adb E 10-15 17:50:33  5372  5372 services.cpp:277] failed to connect to socket 'tcp:8081': Connection refused
adb E 10-15 17:50:35  5372  5372 services.cpp:277] failed to connect to socket 'tcp:8081': Connection refused
adb E 10-15 17:50:37  5372  5372 services.cpp:277] failed to connect to socket 'tcp:8081': Connection refused
adb E 10-15 17:50:39  5372  5372 services.cpp:277] failed to connect to socket 'tcp:8081': Connection refused
adb E 10-15 17:50:42  5372  5372 services.cpp:277] failed to connect to socket 'tcp:8081': Connection refused
adb E 10-15 17:50:44  5372  5372 services.cpp:277] failed to connect to socket 'tcp:8081': Connection refused
adb E 10-15 17:50:46  5372  5372 services.cpp:277] failed to connect to socket 'tcp:8081': Connection refused
adb E 10-15 17:50:48  5372  5372 services.cpp:277] failed to connect to socket 'tcp:8081': Connection refused
adb E 10-15 17:50:50  5372  5372 services.cpp:277] failed to connect to socket 'tcp:8081': Connection refused
adb E 10-15 17:50:52  5372  5372 services.cpp:277] failed to connect to socket 'tcp:8081': Connection refused
adb E 10-15 17:50:54  5372  5372 services.cpp:277] failed to connect to socket 'tcp:8081': Connection refused
adb E 10-15 17:50:56  5372  5372 services.cpp:277] failed to connect to socket 'tcp:8081': Connection refused
adb E 10-15 17:50:58  5372  5372 services.cpp:277] failed to connect to socket 'tcp:8081': Connection refused
adb E 10-15 17:51:00  5372  5372 services.cpp:277] failed to connect to socket 'tcp:8081': Connection refused
adb E 10-15 17:51:03  5372  5372 services.cpp:277] failed to connect to socket 'tcp:8081': Connection refused
adb E 10-15 17:51:05  5372  5372 services.cpp:277] failed to connect to socket 'tcp:8081': Connection refused
adb E 10-15 17:51:07  5372  5372 services.cpp:277] failed to connect to socket 'tcp:8081': Connection refused
adb E 10-15 17:51:09  5372  5372 services.cpp:277] failed to connect to socket 'tcp:8081': Connection refused
adb E 10-15 17:51:11  5372  5372 services.cpp:277] failed to connect to socket 'tcp:8081': Connection refused
adb E 10-15 17:51:13  5372  5372 services.cpp:277] failed to connect to socket 'tcp:8081': Connection refused
adb E 10-15 17:51:15  5372  5372 services.cpp:277] failed to connect to socket 'tcp:8081': Connection refused
adb E 10-15 17:51:17  5372  5372 services.cpp:277] failed to connect to socket 'tcp:8081': Connection refused
adb E 10-15 17:51:19  5372  5372 services.cpp:277] failed to connect to socket 'tcp:8081': Connection refused
adb E 10-15 17:51:21  5372  5372 services.cpp:277] failed to connect to socket 'tcp:8081': Connection refused
